2023-05-15 17:05:89 INFO  HomePage :74 - Mouse hover on “Desktops” Tab and click [[ChromeDriver: chrome on WINDOWS (9c4bbee6c14c49883f41e1458d3939c1)] -> link text: Desktops]
2023-05-15 17:05:831 INFO  HomePage :93 - Click on Show All Desktop tab [[ChromeDriver: chrome on WINDOWS (9c4bbee6c14c49883f41e1458d3939c1)] -> xpath: //a[normalize-space()='Show AllDesktops']]
2023-05-15 17:05:948 INFO  DesktopPage :45 - Click on sort by position [[ChromeDriver: chrome on WINDOWS (9c4bbee6c14c49883f41e1458d3939c1)] -> id: input-sort]
2023-05-15 17:05:580 INFO  DesktopPage :74 - Select option product sorted by Name (Z - A)from sort by options [[ChromeDriver: chrome on WINDOWS (9c4bbee6c14c49883f41e1458d3939c1)] -> id: input-sort]
2023-05-15 17:05:334 INFO  HomePage :74 - Mouse hover on “Desktops” Tab and click [[ChromeDriver: chrome on WINDOWS (a66f9be593b489415c1b88389579c747)] -> link text: Desktops]
2023-05-15 17:05:821 INFO  HomePage :93 - Click on Show All Desktop tab [[ChromeDriver: chrome on WINDOWS (a66f9be593b489415c1b88389579c747)] -> xpath: //a[normalize-space()='Show AllDesktops']]
2023-05-15 17:05:899 INFO  HomePage :105 - Clicking on Currency on top of page [[ChromeDriver: chrome on WINDOWS (a66f9be593b489415c1b88389579c747)] -> xpath: //span[normalize-space()='Currency']]
2023-05-15 17:05:571 INFO  HomePage :113 - Select £Pound Sterling from currency drop down list [[[ChromeDriver: chrome on WINDOWS (a66f9be593b489415c1b88389579c747)] -> xpath: //ul[@class = 'dropdown-menu']/li], [[ChromeDriver: chrome on WINDOWS (a66f9be593b489415c1b88389579c747)] -> xpath: //ul[@class = 'dropdown-menu']/li], [[ChromeDriver: chrome on WINDOWS (a66f9be593b489415c1b88389579c747)] -> xpath: //ul[@class = 'dropdown-menu']/li]]
2023-05-15 17:05:48 INFO  DesktopPage :74 - Select option product sorted by Name (A - Z)from sort by options [[ChromeDriver: chrome on WINDOWS (a66f9be593b489415c1b88389579c747)] -> id: input-sort]
2023-05-15 17:05:648 INFO  DesktopPage :79 - Clicking on HP LP3065 [[ChromeDriver: chrome on WINDOWS (a66f9be593b489415c1b88389579c747)] -> xpath: //a[contains(text(),'HP LP3065')]]
2023-05-15 17:05:685 INFO  ProductPage :52 - Verify the Text "HP LP3065" [[ChromeDriver: chrome on WINDOWS (a66f9be593b489415c1b88389579c747)] -> xpath: //a[contains(text(),'HP LP3065')]]
2023-05-15 17:05:965 INFO  ProductPage :58 - Select 2022November30 to date field [[ChromeDriver: chrome on WINDOWS (a66f9be593b489415c1b88389579c747)] -> xpath: //div[@class = 'input-group date']//button]
2023-05-15 17:05:417 INFO  ProductPage :82 - Enter Qty 1 to quantity field [[ChromeDriver: chrome on WINDOWS (a66f9be593b489415c1b88389579c747)] -> xpath: //input[@id='input-quantity']]
2023-05-15 17:05:154 INFO  ProductPage :87 - Clicking on Login Button [[ChromeDriver: chrome on WINDOWS (a66f9be593b489415c1b88389579c747)] -> xpath: //button[@id='button-cart']]
2023-05-15 17:05:702 INFO  ProductPage :91 - Verify the Message “Success: You have added HP LP3065 to your shopping cart!” [[ChromeDriver: chrome on WINDOWS (a66f9be593b489415c1b88389579c747)] -> xpath: //div[@class='alert alert-success alert-dismissible']]
2023-05-15 17:05:815 INFO  ProductPage :97 - Click on link “shopping cart” display into success message [[ChromeDriver: chrome on WINDOWS (a66f9be593b489415c1b88389579c747)] -> xpath: //a[contains(text(),'shopping cart')]]
2023-05-15 17:05:856 INFO  ShoppingCartPage :47 -  Verify the text Shopping Cart [[ChromeDriver: chrome on WINDOWS (a66f9be593b489415c1b88389579c747)] -> xpath: //div[@id='content']//h1]
2023-05-15 17:05:904 INFO  ShoppingCartPage :52 - Verify the Product name HP LP3065 [[ChromeDriver: chrome on WINDOWS (a66f9be593b489415c1b88389579c747)] -> xpath: //div[@class = 'table-responsive']/table/tbody/tr/td[2]/a]
2023-05-15 17:05:944 INFO  ShoppingCartPage :57 - Verify the Delivery Date 2022-11-30 [[ChromeDriver: chrome on WINDOWS (a66f9be593b489415c1b88389579c747)] -> xpath: //div[@class = 'table-responsive']/table/tbody/tr/td[2]/small[1]]
2023-05-15 17:05:982 INFO  ShoppingCartPage :62 - Verify the Model Product21 [[ChromeDriver: chrome on WINDOWS (a66f9be593b489415c1b88389579c747)] -> xpath: //div[@class = 'table-responsive']/table/tbody/tr/td[3]]
2023-05-15 17:05:21 INFO  ShoppingCartPage :67 - Verify the Total £74.73 [[ChromeDriver: chrome on WINDOWS (a66f9be593b489415c1b88389579c747)] -> xpath: //div[@class = 'table-responsive']/table/tbody/tr/td[6]]
2023-05-15 17:05:852 INFO  HomePage :80 - Mouse hover on “Laptops & Notebooks” Tab and click [[ChromeDriver: chrome on WINDOWS (a8fb17dc633c0f1e385e80decd9d03b1)] -> link text: Laptops & Notebooks]
2023-05-15 17:05:416 INFO  HomePage :99 - Click on Show All LaptopAndNotebook Tab [[ChromeDriver: chrome on WINDOWS (a8fb17dc633c0f1e385e80decd9d03b1)] -> xpath: //a[normalize-space()='Show AllLaptops & Notebooks']]
2023-05-15 17:05:507 INFO  DesktopPage :45 - Click on sort by position [[ChromeDriver: chrome on WINDOWS (a8fb17dc633c0f1e385e80decd9d03b1)] -> id: input-sort]
2023-05-15 17:05:66 INFO  DesktopPage :74 - Select option product sorted by Price (High > Low)from sort by options [[ChromeDriver: chrome on WINDOWS (a8fb17dc633c0f1e385e80decd9d03b1)] -> id: input-sort]
2023-05-15 17:05:153 INFO  LaptopAndNotebookPage :63 - Verify Product sorted  price High to low [[[ChromeDriver: chrome on WINDOWS (a8fb17dc633c0f1e385e80decd9d03b1)] -> xpath: //p[@class ='price']], [[ChromeDriver: chrome on WINDOWS (a8fb17dc633c0f1e385e80decd9d03b1)] -> xpath: //p[@class ='price']], [[ChromeDriver: chrome on WINDOWS (a8fb17dc633c0f1e385e80decd9d03b1)] -> xpath: //p[@class ='price']], [[ChromeDriver: chrome on WINDOWS (a8fb17dc633c0f1e385e80decd9d03b1)] -> xpath: //p[@class ='price']], [[ChromeDriver: chrome on WINDOWS (a8fb17dc633c0f1e385e80decd9d03b1)] -> xpath: //p[@class ='price']]]
2023-05-15 17:05:217 INFO  LaptopAndNotebookPage :63 - Verify Product sorted  price High to low [[[ChromeDriver: chrome on WINDOWS (a8fb17dc633c0f1e385e80decd9d03b1)] -> xpath: //p[@class ='price']], [[ChromeDriver: chrome on WINDOWS (a8fb17dc633c0f1e385e80decd9d03b1)] -> xpath: //p[@class ='price']], [[ChromeDriver: chrome on WINDOWS (a8fb17dc633c0f1e385e80decd9d03b1)] -> xpath: //p[@class ='price']], [[ChromeDriver: chrome on WINDOWS (a8fb17dc633c0f1e385e80decd9d03b1)] -> xpath: //p[@class ='price']], [[ChromeDriver: chrome on WINDOWS (a8fb17dc633c0f1e385e80decd9d03b1)] -> xpath: //p[@class ='price']]]
2023-05-15 17:05:496 INFO  HomePage :80 - Mouse hover on “Laptops & Notebooks” Tab and click [[ChromeDriver: chrome on WINDOWS (6818f91a9c5e2470257b1a35746a85be)] -> link text: Laptops & Notebooks]
2023-05-15 17:05:962 INFO  HomePage :99 - Click on Show All LaptopAndNotebook Tab [[ChromeDriver: chrome on WINDOWS (6818f91a9c5e2470257b1a35746a85be)] -> xpath: //a[normalize-space()='Show AllLaptops & Notebooks']]
2023-05-15 17:05:37 INFO  HomePage :105 - Clicking on Currency on top of page [[ChromeDriver: chrome on WINDOWS (6818f91a9c5e2470257b1a35746a85be)] -> xpath: //span[normalize-space()='Currency']]
2023-05-15 17:05:612 INFO  HomePage :113 - Select £Pound Sterling from currency drop down list [[[ChromeDriver: chrome on WINDOWS (6818f91a9c5e2470257b1a35746a85be)] -> xpath: //ul[@class = 'dropdown-menu']/li], [[ChromeDriver: chrome on WINDOWS (6818f91a9c5e2470257b1a35746a85be)] -> xpath: //ul[@class = 'dropdown-menu']/li], [[ChromeDriver: chrome on WINDOWS (6818f91a9c5e2470257b1a35746a85be)] -> xpath: //ul[@class = 'dropdown-menu']/li]]
2023-05-15 17:05:157 INFO  DesktopPage :74 - Select option product sorted by Price (High > Low)from sort by options [[ChromeDriver: chrome on WINDOWS (6818f91a9c5e2470257b1a35746a85be)] -> id: input-sort]
2023-05-15 17:05:126 INFO  LaptopAndNotebookPage :80 - Select Macbook[[ChromeDriver: chrome on WINDOWS (6818f91a9c5e2470257b1a35746a85be)] -> link text: MacBook]
2023-05-15 17:05:170 INFO  ProductPage :101 - Verify text MacBook [[ChromeDriver: chrome on WINDOWS (6818f91a9c5e2470257b1a35746a85be)] -> xpath: //h1[contains(text(),'MacBook')]]
2023-05-15 17:05:889 INFO  ProductPage :87 - Clicking on Login Button [[ChromeDriver: chrome on WINDOWS (6818f91a9c5e2470257b1a35746a85be)] -> xpath: //button[@id='button-cart']]
2023-05-15 17:05:440 INFO  ProductPage :91 - Verify the Message “Success: You have added HP LP3065 to your shopping cart!” [[ChromeDriver: chrome on WINDOWS (6818f91a9c5e2470257b1a35746a85be)] -> xpath: //div[@class='alert alert-success alert-dismissible']]
2023-05-15 17:05:508 INFO  ProductPage :97 - Click on link “shopping cart” display into success message [[ChromeDriver: chrome on WINDOWS (6818f91a9c5e2470257b1a35746a85be)] -> xpath: //a[contains(text(),'shopping cart')]]
2023-05-15 17:05:540 INFO  ShoppingCartPage :47 -  Verify the text Shopping Cart [[ChromeDriver: chrome on WINDOWS (6818f91a9c5e2470257b1a35746a85be)] -> xpath: //div[@id='content']//h1]
2023-05-15 17:05:590 INFO  ShoppingCartPage :52 - Verify the Product name HP LP3065 [[ChromeDriver: chrome on WINDOWS (6818f91a9c5e2470257b1a35746a85be)] -> xpath: //div[@class = 'table-responsive']/table/tbody/tr/td[2]/a]
2023-05-15 17:05:771 INFO  ShoppingCartPage :74 - Change Quantity 2 to quantity field [[ChromeDriver: chrome on WINDOWS (6818f91a9c5e2470257b1a35746a85be)] -> xpath: //div[@class='input-group btn-block']/input[@type='text']]
2023-05-15 17:05:400 INFO  ShoppingCartPage :79 -  Click on “Update” Tab [[ChromeDriver: chrome on WINDOWS (6818f91a9c5e2470257b1a35746a85be)] -> xpath: //i[@class = 'fa fa-refresh']]
2023-05-15 17:05:427 INFO  ShoppingCartPage :83 - Getting welcome back text [[ChromeDriver: chrome on WINDOWS (6818f91a9c5e2470257b1a35746a85be)] -> xpath: //div[@id='checkout-cart']/div[1]]
2023-05-15 17:05:459 INFO  ShoppingCartPage :67 - Verify the Total £74.73 [[ChromeDriver: chrome on WINDOWS (6818f91a9c5e2470257b1a35746a85be)] -> xpath: //div[@class = 'table-responsive']/table/tbody/tr/td[6]]
2023-05-15 17:05:914 INFO  ShoppingCartPage :89 - Click on “Checkout” button [[ChromeDriver: chrome on WINDOWS (6818f91a9c5e2470257b1a35746a85be)] -> css selector: a.btn.btn-primary]
2023-05-15 17:05:941 INFO  CheckoutPage :76 - Verify the text “Checkout” [[ChromeDriver: chrome on WINDOWS (6818f91a9c5e2470257b1a35746a85be)] -> xpath: //div[@id='content']/h1]
2023-05-15 17:05:486 INFO  CheckoutPage :82 - Verify the Text “New Customer” [[ChromeDriver: chrome on WINDOWS (6818f91a9c5e2470257b1a35746a85be)] -> xpath: //h2[contains(text(),'New Customer')]]
2023-05-15 17:05:95 INFO  CheckoutPage :89 - Click on “Guest Checkout” radio button [[ChromeDriver: chrome on WINDOWS (6818f91a9c5e2470257b1a35746a85be)] -> xpath: //input[@value='guest']]
2023-05-15 17:05:172 INFO  CheckoutPage :95 - Click on “Continue” tab [[ChromeDriver: chrome on WINDOWS (6818f91a9c5e2470257b1a35746a85be)] -> xpath: //input[@id='button-account']]
2023-05-15 17:05:568 INFO  CheckoutPage :101 - Enter firstname Maulin to firstname field [[ChromeDriver: chrome on WINDOWS (6818f91a9c5e2470257b1a35746a85be)] -> id: input-payment-firstname]
2023-05-15 17:05:777 INFO  CheckoutPage :107 - Enter lastname Patel to lastname field [[ChromeDriver: chrome on WINDOWS (6818f91a9c5e2470257b1a35746a85be)] -> id: input-payment-lastname]
2023-05-15 17:05:03 INFO  CheckoutPage :113 - Enter email maulin to email field [[ChromeDriver: chrome on WINDOWS (6818f91a9c5e2470257b1a35746a85be)] -> id: input-payment-email]
2023-05-15 17:05:135 INFO  CheckoutPage :119 - Enter phoneNumber 01234567890 to phoneNumber field [[ChromeDriver: chrome on WINDOWS (6818f91a9c5e2470257b1a35746a85be)] -> id: input-payment-telephone]
2023-05-15 17:05:320 INFO  CheckoutPage :125 - Enter address Line 1 129 Pinner Road to address field [[ChromeDriver: chrome on WINDOWS (6818f91a9c5e2470257b1a35746a85be)] -> id: input-payment-address-1]
2023-05-15 17:05:452 INFO  CheckoutPage :131 - Enter city London to city field [[ChromeDriver: chrome on WINDOWS (6818f91a9c5e2470257b1a35746a85be)] -> id: input-payment-city]
2023-05-15 17:05:565 INFO  CheckoutPage :137 - Enter postcode N1 1AD to postcode field [[ChromeDriver: chrome on WINDOWS (6818f91a9c5e2470257b1a35746a85be)] -> id: input-payment-postcode]
2023-05-15 17:05:662 INFO  CheckoutPage :143 - Select country United Kingdom to country field [[ChromeDriver: chrome on WINDOWS (6818f91a9c5e2470257b1a35746a85be)] -> id: input-payment-country]
2023-05-15 17:05:822 INFO  CheckoutPage :150 - Select state Kent to state field [[ChromeDriver: chrome on WINDOWS (6818f91a9c5e2470257b1a35746a85be)] -> id: input-payment-zone]
2023-05-15 17:05:00 INFO  CheckoutPage :156 -  Click on continue button [[ChromeDriver: chrome on WINDOWS (6818f91a9c5e2470257b1a35746a85be)] -> id: button-guest]
2023-05-15 17:05:669 INFO  CheckoutPage :162 - Enter comments Nothing to Say! in to text area [[ChromeDriver: chrome on WINDOWS (6818f91a9c5e2470257b1a35746a85be)] -> xpath: //textarea[@name='comment']]
2023-05-15 17:05:742 INFO  CheckoutPage :168 -  Check the Terms & Conditions check box [[ChromeDriver: chrome on WINDOWS (6818f91a9c5e2470257b1a35746a85be)] -> xpath: //body/div[@id='checkout-checkout']/div[1]/div[1]/div[1]/div[3]/div[2]/div[1]/div[2]/div[1]/input[1]]
2023-05-15 17:05:846 INFO  CheckoutPage :174 - Click on “Continue” button [[ChromeDriver: chrome on WINDOWS (6818f91a9c5e2470257b1a35746a85be)] -> id: button-payment-method]
2023-05-15 17:05:871 INFO  CheckoutPage :179 - Verify the message “Warning: Payment method required!” [[ChromeDriver: chrome on WINDOWS (6818f91a9c5e2470257b1a35746a85be)] -> xpath: //div[@class='alert alert-danger alert-dismissible']]
2023-05-15 17:05:73 INFO  HomePage :128 - Select Login from myAccount drop down list [[[ChromeDriver: chrome on WINDOWS (858843826992f9b5a51f92cb1cacdf48)] -> xpath: //ul[@class='dropdown-menu dropdown-menu-right']/li], [[ChromeDriver: chrome on WINDOWS (858843826992f9b5a51f92cb1cacdf48)] -> xpath: //ul[@class='dropdown-menu dropdown-menu-right']/li]]
2023-05-15 17:05:100 INFO  LoginPage :36 - Verify the text “Returning Customer” [[ChromeDriver: chrome on WINDOWS (858843826992f9b5a51f92cb1cacdf48)] -> xpath: //h2[contains(text(),'Returning Customer')]]
2023-05-15 17:05:145 INFO  HomePage :128 - Select Login from myAccount drop down list [[[ChromeDriver: chrome on WINDOWS (92904d3f5e2370ba7b5e44503bd18110)] -> xpath: //ul[@class='dropdown-menu dropdown-menu-right']/li], [[ChromeDriver: chrome on WINDOWS (92904d3f5e2370ba7b5e44503bd18110)] -> xpath: //ul[@class='dropdown-menu dropdown-menu-right']/li]]
2023-05-15 17:05:328 INFO  LoginPage :43 - Enter email iampatel@gmail.comto email field [[ChromeDriver: chrome on WINDOWS (92904d3f5e2370ba7b5e44503bd18110)] -> id: input-email]
2023-05-15 17:05:440 INFO  LoginPage :49 - Enter password HelloNum1to password field [[ChromeDriver: chrome on WINDOWS (92904d3f5e2370ba7b5e44503bd18110)] -> id: input-password]
2023-05-15 17:05:70 INFO  LoginPage :55 - Clicking on Login Button [[ChromeDriver: chrome on WINDOWS (92904d3f5e2370ba7b5e44503bd18110)] -> xpath: //input[@value='Login']]
2023-05-15 17:05:92 INFO  LoginPage :60 - Verify text “My Account” [[ChromeDriver: chrome on WINDOWS (92904d3f5e2370ba7b5e44503bd18110)] -> xpath: //h2[text()='My Account']]
2023-05-15 17:05:777 INFO  HomePage :128 - Select Logout from myAccount drop down list [[[ChromeDriver: chrome on WINDOWS (92904d3f5e2370ba7b5e44503bd18110)] -> xpath: //ul[@class='dropdown-menu dropdown-menu-right']/li], [[ChromeDriver: chrome on WINDOWS (92904d3f5e2370ba7b5e44503bd18110)] -> xpath: //ul[@class='dropdown-menu dropdown-menu-right']/li], [[ChromeDriver: chrome on WINDOWS (92904d3f5e2370ba7b5e44503bd18110)] -> xpath: //ul[@class='dropdown-menu dropdown-menu-right']/li], [[ChromeDriver: chrome on WINDOWS (92904d3f5e2370ba7b5e44503bd18110)] -> xpath: //ul[@class='dropdown-menu dropdown-menu-right']/li], [[ChromeDriver: chrome on WINDOWS (92904d3f5e2370ba7b5e44503bd18110)] -> xpath: //ul[@class='dropdown-menu dropdown-menu-right']/li]]
2023-05-15 17:05:802 INFO  LogoutPage :27 - Verify text "Account Logout" [[ChromeDriver: chrome on WINDOWS (92904d3f5e2370ba7b5e44503bd18110)] -> xpath: //h1[text()='Account Logout']]
2023-05-15 17:05:228 INFO  LogoutPage :33 - Clicking on Continue Button [[ChromeDriver: chrome on WINDOWS (92904d3f5e2370ba7b5e44503bd18110)] -> xpath: //a[contains(text(),'Continue')]]
2023-05-15 17:05:841 INFO  HomePage :128 - Select Register from myAccount drop down list [[[ChromeDriver: chrome on WINDOWS (fe4669e5965295b2eff85ddd9fa1a185)] -> xpath: //ul[@class='dropdown-menu dropdown-menu-right']/li], [[ChromeDriver: chrome on WINDOWS (fe4669e5965295b2eff85ddd9fa1a185)] -> xpath: //ul[@class='dropdown-menu dropdown-menu-right']/li]]
2023-05-15 17:05:862 INFO  RegisterPage :58 - Verify the text “Register Account”. [[ChromeDriver: chrome on WINDOWS (fe4669e5965295b2eff85ddd9fa1a185)] -> xpath: //h1[contains(text(),'Register Account')]]
2023-05-15 17:05:525 INFO  HomePage :128 - Select Register from myAccount drop down list [[[ChromeDriver: chrome on WINDOWS (9e3ddd201298f7ba4ef4e55ed0ece70f)] -> xpath: //ul[@class='dropdown-menu dropdown-menu-right']/li], [[ChromeDriver: chrome on WINDOWS (9e3ddd201298f7ba4ef4e55ed0ece70f)] -> xpath: //ul[@class='dropdown-menu dropdown-menu-right']/li]]
2023-05-15 17:05:653 INFO  RegisterPage :64 - Enter Firstname Iama to Firstname field [[ChromeDriver: chrome on WINDOWS (9e3ddd201298f7ba4ef4e55ed0ece70f)] -> id: input-firstname]
2023-05-15 17:05:767 INFO  RegisterPage :69 - Enter Lastname Patel to Lastname field [[ChromeDriver: chrome on WINDOWS (9e3ddd201298f7ba4ef4e55ed0ece70f)] -> id: input-lastname]
2023-05-15 17:05:887 INFO  RegisterPage :74 - Enter email patelXzmo@gmail.com to email field [[ChromeDriver: chrome on WINDOWS (9e3ddd201298f7ba4ef4e55ed0ece70f)] -> id: input-email]
2023-05-15 17:05:983 INFO  RegisterPage :79 - Enter Telephone 01234567890 to Telephone field [[ChromeDriver: chrome on WINDOWS (9e3ddd201298f7ba4ef4e55ed0ece70f)] -> id: input-telephone]
2023-05-15 17:05:83 INFO  RegisterPage :84 - Enter Password Hellonum1 to Password field [[ChromeDriver: chrome on WINDOWS (9e3ddd201298f7ba4ef4e55ed0ece70f)] -> id: input-password]
2023-05-15 17:05:181 INFO  RegisterPage :89 - Enter ConfirmPassword Hellonum1 to ConfirmPassword field [[ChromeDriver: chrome on WINDOWS (9e3ddd201298f7ba4ef4e55ed0ece70f)] -> id: input-confirm]
2023-05-15 17:05:224 INFO  RegisterPage :101 - Select Subscribe Yes radio button [[[ChromeDriver: chrome on WINDOWS (9e3ddd201298f7ba4ef4e55ed0ece70f)] -> xpath: //fieldset[3]//input], [[ChromeDriver: chrome on WINDOWS (9e3ddd201298f7ba4ef4e55ed0ece70f)] -> xpath: //fieldset[3]//input]]
2023-05-15 17:05:297 INFO  RegisterPage :106 - Click on Privacy Policy check box [[ChromeDriver: chrome on WINDOWS (9e3ddd201298f7ba4ef4e55ed0ece70f)] -> xpath: //input[@name='agree']]
2023-05-15 17:05:498 INFO  RegisterPage :111 - Clicking on Continue Button [[ChromeDriver: chrome on WINDOWS (9e3ddd201298f7ba4ef4e55ed0ece70f)] -> xpath: //input[@type='submit']]
2023-05-15 17:05:528 INFO  RegisterPage :115 - Verify the message “Your Account Has Been Created!” [[ChromeDriver: chrome on WINDOWS (9e3ddd201298f7ba4ef4e55ed0ece70f)] -> xpath: //h1[text()='Your Account Has Been Created!']]
2023-05-15 17:05:921 INFO  RegisterPage :121 - Clicking on Continue Button [[ChromeDriver: chrome on WINDOWS (9e3ddd201298f7ba4ef4e55ed0ece70f)] -> xpath: //a[text()='Continue']]
2023-05-15 17:05:622 INFO  HomePage :128 - Select Logout from myAccount drop down list [[[ChromeDriver: chrome on WINDOWS (9e3ddd201298f7ba4ef4e55ed0ece70f)] -> xpath: //ul[@class='dropdown-menu dropdown-menu-right']/li], [[ChromeDriver: chrome on WINDOWS (9e3ddd201298f7ba4ef4e55ed0ece70f)] -> xpath: //ul[@class='dropdown-menu dropdown-menu-right']/li], [[ChromeDriver: chrome on WINDOWS (9e3ddd201298f7ba4ef4e55ed0ece70f)] -> xpath: //ul[@class='dropdown-menu dropdown-menu-right']/li], [[ChromeDriver: chrome on WINDOWS (9e3ddd201298f7ba4ef4e55ed0ece70f)] -> xpath: //ul[@class='dropdown-menu dropdown-menu-right']/li], [[ChromeDriver: chrome on WINDOWS (9e3ddd201298f7ba4ef4e55ed0ece70f)] -> xpath: //ul[@class='dropdown-menu dropdown-menu-right']/li]]
2023-05-15 17:05:646 INFO  LogoutPage :27 - Verify text "Account Logout" [[ChromeDriver: chrome on WINDOWS (9e3ddd201298f7ba4ef4e55ed0ece70f)] -> xpath: //h1[text()='Account Logout']]
2023-05-15 17:05:75 INFO  LogoutPage :33 - Clicking on Continue Button [[ChromeDriver: chrome on WINDOWS (9e3ddd201298f7ba4ef4e55ed0ece70f)] -> xpath: //a[contains(text(),'Continue')]]
2023-05-15 17:05:883 INFO  HomePage :74 - Mouse hover on “Desktops” Tab and click [[ChromeDriver: chrome on WINDOWS (d554ad7ee90ecdd0a7ecbb1c72387057)] -> link text: Desktops]
2023-05-15 17:05:898 INFO  HomePage :68 - Click Show All Desktops from homepage Top menu  []
2023-05-15 17:05:931 INFO  DesktopPage :39 - Verify the text ‘Desktops’[[ChromeDriver: chrome on WINDOWS (d554ad7ee90ecdd0a7ecbb1c72387057)] -> xpath: //h2[contains(text(),'Desktops')]]
2023-05-15 17:05:85 INFO  HomePage :80 - Mouse hover on “Laptops & Notebooks” Tab and click [[ChromeDriver: chrome on WINDOWS (1e1dba0b47540ea241a80198cf264b87)] -> link text: Laptops & Notebooks]
2023-05-15 17:05:134 INFO  HomePage :68 - Click Show All Laptops & Notebooks from homepage Top menu  []
2023-05-15 17:05:174 INFO  LaptopAndNotebookPage :39 - Verify the text ‘Laptops & Notebooks’ [[ChromeDriver: chrome on WINDOWS (1e1dba0b47540ea241a80198cf264b87)] -> xpath: //h2[contains(text(),'Laptops & Notebooks')]]
2023-05-15 18:05:241 INFO  HomePage :86 -  Mouse hover on “Components” Tab and click [[ChromeDriver: chrome on WINDOWS (d7648e4b9e7531e8a1bc5c66fcc1e4bf)] -> link text: Components]
2023-05-15 18:05:293 INFO  HomePage :68 - Click Show All Components from homepage Top menu  []
2023-05-15 18:05:334 INFO  ComponentsPage :21 - Verify the text ‘Components’ [[ChromeDriver: chrome on WINDOWS (d7648e4b9e7531e8a1bc5c66fcc1e4bf)] -> xpath: //h2[contains(text(),'Components')]]
